<?xml version="1.0" encoding="UTF-8"?>
<!-- Generated by org.testng.reporters.JUnitReportReporter -->
<testsuite skipped="0" hostname="Ravi-PC" name="com.windowhandles.BrowserWindowPopups" tests="1" failures="0" timestamp="14 Mar 2019 19:11:24 GMT" time="131.336" errors="0">
  <testcase name="windowPopupTest" time="131.336" classname="com.windowhandles.BrowserWindowPopups"/>
</testsuite> <!-- com.windowhandles.BrowserWindowPopups -->
