<?xml version="1.0" encoding="UTF-8"?>
<!-- Generated by org.testng.reporters.JUnitReportReporter -->
<testsuite skipped="0" hostname="Ravi-PC" name="com.test.HardAndSoftAssertions" tests="2" failures="0" timestamp="19 Feb 2019 18:02:33 GMT" time="0.048" errors="0">
  <testcase name="test1" time="0.043" classname="com.test.HardAndSoftAssertions"/>
  <testcase name="test2" time="0.005" classname="com.test.HardAndSoftAssertions"/>
</testsuite> <!-- com.test.HardAndSoftAssertions -->
