<?xml version="1.0" encoding="UTF-8"?>
<!-- Generated by org.testng.reporters.JUnitReportReporter -->
<testsuite skipped="0" hostname="Ravi-PC" name="com.windowhandles.WindowHandler" tests="1" failures="0" timestamp="14 Mar 2019 18:16:03 GMT" time="61.748" errors="0">
  <testcase name="windowHandlesTest" time="61.748" classname="com.windowhandles.WindowHandler"/>
</testsuite> <!-- com.windowhandles.WindowHandler -->
