<?xml version="1.0" encoding="UTF-8"?>
<!-- Generated by org.testng.reporters.JUnitReportReporter -->
<testsuite skipped="0" hostname="Ravi-PC" name="com.windowhandles.FileUploadpopups" tests="1" failures="0" timestamp="15 Mar 2019 07:16:57 GMT" time="25.518" errors="0">
  <testcase name="TestFileUploadpopups" time="25.518" classname="com.windowhandles.FileUploadpopups"/>
</testsuite> <!-- com.windowhandles.FileUploadpopups -->
