<?xml version="1.0" encoding="UTF-8"?>
<!-- Generated by org.testng.reporters.JUnitReportReporter -->
<testsuite skipped="0" hostname="Ravi-PC" name="com.select.HandlingDropDown" tests="1" failures="0" timestamp="19 Mar 2019 08:19:55 GMT" time="52.124" errors="0">
  <testcase name="testSelectFunctionally" time="52.124" classname="com.select.HandlingDropDown"/>
</testsuite> <!-- com.select.HandlingDropDown -->
